[11-Mar-2020 06:11:50 UTC] The WC_Cache_Helper::incr_cache_prefix function is deprecated since version 3.9.0. Replace with WC_Cache_Helper::invalidate_cache_group.
[11-Mar-2020 06:13:23 UTC] The WC_Cache_Helper::incr_cache_prefix function is deprecated since version 3.9.0. Replace with WC_Cache_Helper::invalidate_cache_group.
[11-Mar-2020 06:13:23 UTC] The WC_Cache_Helper::incr_cache_prefix function is deprecated since version 3.9.0. Replace with WC_Cache_Helper::invalidate_cache_group.
[11-Mar-2020 06:13:23 UTC] The WC_Cache_Helper::incr_cache_prefix function is deprecated since version 3.9.0. Replace with WC_Cache_Helper::invalidate_cache_group.
[11-Mar-2020 06:13:23 UTC] The WC_Cache_Helper::incr_cache_prefix function is deprecated since version 3.9.0. Replace with WC_Cache_Helper::invalidate_cache_group.
[11-Mar-2020 06:13:23 UTC] The WC_Cache_Helper::incr_cache_prefix function is deprecated since version 3.9.0. Replace with WC_Cache_Helper::invalidate_cache_group.
[11-Mar-2020 06:13:23 UTC] The WC_Cache_Helper::incr_cache_prefix function is deprecated since version 3.9.0. Replace with WC_Cache_Helper::invalidate_cache_group.
[11-Mar-2020 06:13:23 UTC] The WC_Cache_Helper::incr_cache_prefix function is deprecated since version 3.9.0. Replace with WC_Cache_Helper::invalidate_cache_group.
[11-Mar-2020 06:21:29 UTC] The get_used_coupons function is deprecated since version 3.7. Replace with WC_Abstract_Order::get_coupon_codes.
[11-Mar-2020 06:21:29 UTC] The get_used_coupons function is deprecated since version 3.7. Replace with WC_Abstract_Order::get_coupon_codes.
[11-Mar-2020 07:44:57 UTC] PHP Fatal error:  Maximum execution time of 120 seconds exceeded in C:\xampp2\htdocs\gigant.com.ph\wp-content\plugins\woocommerce\includes\widgets\class-wc-widget-layered-nav.php on line 499
[11-Mar-2020 07:44:57 UTC] PHP Fatal error:  Maximum execution time of 120 seconds exceeded in C:\xampp2\htdocs\gigant.com.ph\wp-content\plugins\woocommerce\includes\widgets\class-wc-widget-price-filter.php on line 187
[11-Mar-2020 07:45:05 UTC] PHP Fatal error:  Maximum execution time of 120 seconds exceeded in C:\xampp2\htdocs\gigant.com.ph\wp-content\plugins\woocommerce\includes\legacy\class-wc-legacy-api.php on line 11
[11-Mar-2020 07:45:16 UTC] PHP Fatal error:  Maximum execution time of 120 seconds exceeded in C:\xampp2\htdocs\gigant.com.ph\wp-admin\includes\user.php on line 592
[11-Mar-2020 07:45:17 UTC] WC_Log_Handler_File::get_log_file_path was called incorrectly. This method should not be called before plugins_loaded. Backtrace: WooCommerce->log_errors, WC_Logger->critical, WC_Logger->log, WC_Log_Handler_File->handle, WC_Log_Handler_File->add, WC_Log_Handler_File->should_rotate, WC_Log_Handler_File::get_log_file_path, wc_doing_it_wrong. This message was added in version 3.0.
[11-Mar-2020 07:45:17 UTC] WC_Log_Handler_File::get_log_file_path was called incorrectly. This method should not be called before plugins_loaded. Backtrace: WooCommerce->log_errors, WC_Logger->critical, WC_Logger->log, WC_Log_Handler_File->handle, WC_Log_Handler_File->add, WC_Log_Handler_File->open, WC_Log_Handler_File::get_log_file_path, wc_doing_it_wrong. This message was added in version 3.0.
[11-Mar-2020 08:16:40 UTC] PHP Fatal error:  Maximum execution time of 120 seconds exceeded in C:\xampp2\htdocs\gigant.com.ph\wp-content\plugins\woocommerce\includes\class-wc-shipping-zone.php on line 12
[11-Mar-2020 08:16:43 UTC] PHP Fatal error:  Maximum execution time of 120 seconds exceeded in C:\xampp2\htdocs\gigant.com.ph\wp-content\plugins\woocommerce\includes\admin\class-wc-admin.php on line 10
[12-Mar-2020 03:46:33 UTC] WordPress database error You have an error in your SQL syntax; check the manual that corresponds to your MariaDB server version for the right syntax to use near 'AND wp_vw_vmls_private.cid = 1 AND wp_vw_vmls_private.rid=160' at line 1 for query SELECT wp_vw_vmls_private.*,wp_users.user_nicename FROM wp_vw_vmls_private,wp_posts,wp_users where wp_vw_vmls_private.rid = wp_posts.ID AND wp_posts.post_author = wp_users.ID AND wp_vw_vmls_private.pid =  AND wp_vw_vmls_private.cid = 1 AND wp_vw_vmls_private.rid=160 made by require('wp-blog-header.php'), require_once('wp-includes/template-loader.php'), include('/plugins/elementor/modules/page-templates/templates/header-footer.php'), Elementor\Modules\PageTemplates\Module->print_content, call_user_func, Elementor\Modules\PageTemplates\Module->print_callback, the_content, apply_filters('the_content'), WP_Hook->apply_filters, Elementor\Frontend->apply_builder_in_content, Elementor\Frontend->get_builder_content, Elementor\Core\Base\Document->print_elements_with_wrapper, Elementor\Core\Base\Document->print_elements, Elementor\Element_Base->print_element, Elementor\Element_Base->_print_content, Elementor\Element_Base->print_element, Elementor\Element_Base->_print_content, Elementor\Element_Base->print_element, Elementor\Widget_Base->_print_content, Elementor\Widget_Base->render_content, Elementor\Widget_Shortcode->render, do_shortcode, preg_replace_callback, do_shortcode_tag, WCFM_Shortcode->wc_frontend_manager, WCFM_Shortcode->shortcode_wrapper, WCFM_Frontend_Manager_Shortcode::output, WCFM_Library->load_views, do_action('before_wcfm_load_views'), WP_Hook->do_action, WP_Hook->apply_filters, wcfm_csm_load_views, require_once('/plugins/wcfm-custom-menus/views/wcfm-views-upgrade.php')
[12-Mar-2020 06:30:35 UTC] WordPress database error You have an error in your SQL syntax; check the manual that corresponds to your MariaDB server version for the right syntax to use near 'AND wp_vw_vmls_private.cid = 1 AND wp_vw_vmls_private.rid=160' at line 1 for query SELECT wp_vw_vmls_private.*,wp_users.user_nicename FROM wp_vw_vmls_private,wp_posts,wp_users where wp_vw_vmls_private.rid = wp_posts.ID AND wp_posts.post_author = wp_users.ID AND wp_vw_vmls_private.pid =  AND wp_vw_vmls_private.cid = 1 AND wp_vw_vmls_private.rid=160 made by require('wp-blog-header.php'), require_once('wp-includes/template-loader.php'), include('/plugins/elementor/modules/page-templates/templates/header-footer.php'), Elementor\Modules\PageTemplates\Module->print_content, call_user_func, Elementor\Modules\PageTemplates\Module->print_callback, the_content, apply_filters('the_content'), WP_Hook->apply_filters, Elementor\Frontend->apply_builder_in_content, Elementor\Frontend->get_builder_content, Elementor\Core\Base\Document->print_elements_with_wrapper, Elementor\Core\Base\Document->print_elements, Elementor\Element_Base->print_element, Elementor\Element_Base->_print_content, Elementor\Element_Base->print_element, Elementor\Element_Base->_print_content, Elementor\Element_Base->print_element, Elementor\Widget_Base->_print_content, Elementor\Widget_Base->render_content, Elementor\Widget_Shortcode->render, do_shortcode, preg_replace_callback, do_shortcode_tag, WCFM_Shortcode->wc_frontend_manager, WCFM_Shortcode->shortcode_wrapper, WCFM_Frontend_Manager_Shortcode::output, WCFM_Library->load_views, do_action('before_wcfm_load_views'), WP_Hook->do_action, WP_Hook->apply_filters, wcfm_csm_load_views, require_once('/plugins/wcfm-custom-menus/views/wcfm-views-upgrade.php')
[12-Mar-2020 07:29:42 UTC] PHP Warning:  mysqli_real_connect(): (HY000/2002): No connection could be made because the target machine actively refused it.
 in C:\xampp2\htdocs\gigant.com.ph\wp-includes\wp-db.php on line 1633
[12-Mar-2020 07:29:42 UTC] PHP Warning:  mysqli_real_connect(): (HY000/2002): No connection could be made because the target machine actively refused it.
 in C:\xampp2\htdocs\gigant.com.ph\wp-includes\wp-db.php on line 1633
[12-Mar-2020 07:29:42 UTC] PHP Warning:  mysqli_real_connect(): (HY000/2002): No connection could be made because the target machine actively refused it.
 in C:\xampp2\htdocs\gigant.com.ph\wp-includes\wp-db.php on line 1633
[12-Mar-2020 07:29:42 UTC] PHP Warning:  mysqli_real_connect(): (HY000/2002): No connection could be made because the target machine actively refused it.
 in C:\xampp2\htdocs\gigant.com.ph\wp-includes\wp-db.php on line 1633
[12-Mar-2020 07:29:42 UTC] PHP Warning:  mysqli_real_connect(): (HY000/2002): No connection could be made because the target machine actively refused it.
 in C:\xampp2\htdocs\gigant.com.ph\wp-includes\wp-db.php on line 1633
[12-Mar-2020 07:29:42 UTC] PHP Warning:  mysqli_real_connect(): (HY000/2002): No connection could be made because the target machine actively refused it.
 in C:\xampp2\htdocs\gigant.com.ph\wp-includes\wp-db.php on line 1633
[13-Mar-2020 02:16:24 UTC] WordPress database error Table 'gigant.com.ph.wp_za_groups' doesn't exist for query 
			  ALTER TABLE `wp_za_groups` MODIFY `apply_to` ENUM('custom', 'all', 'cart', 'checkout', 'cart_checkout') NOT NULL DEFAULT 'custom';
			 made by activate_plugin, do_action('activate_product-add-ons-woocommerce/index.php'), WP_Hook->do_action, WP_Hook->apply_filters, ZAddons\Activate->ZAddons\{closure}, ZAddons\DB::db_activate, ZAddons\DB::check_new_tables
[13-Mar-2020 02:16:24 UTC] WordPress database error You have an error in your SQL syntax; check the manual that corresponds to your MariaDB server version for the right syntax to use near 'VARCHAR(70)
			    )' at line 4 for query CREATE TABLE IF NOT EXISTS `wp_za_headers` (
				id BIGINT(20) UNSIGNED PRIMARY KEY AUTO_INCREMENT,
				header_type ENUM('cart', 'checkout') NOT NULL DEFAULT 'checkout'
				header_text VARCHAR(70)
			    ); made by activate_plugin, do_action('activate_product-add-ons-woocommerce/index.php'), WP_Hook->do_action, WP_Hook->apply_filters, ZAddons\Activate->ZAddons\{closure}, ZAddons\DB::db_activate, ZAddons\DB::check_new_tables
[13-Mar-2020 02:16:24 UTC] WordPress database error Table 'gigant.com.ph.wp_za_types' doesn't exist for query ALTER TABLE `wp_za_types` ADD COLUMN accordion VARCHAR(10); made by activate_plugin, do_action('activate_product-add-ons-woocommerce/index.php'), WP_Hook->do_action, WP_Hook->apply_filters, ZAddons\Activate->ZAddons\{closure}, ZAddons\DB::db_activate, ZAddons\DB::check_new_tables
[13-Mar-2020 02:16:24 UTC] WordPress database error Table 'gigant.com.ph.wp_za_types' doesn't exist for query ALTER TABLE `wp_za_types` 
                    ADD COLUMN status ENUM('enable', 'disable') NOT NULL DEFAULT 'enable', 
                    ADD COLUMN hide_description TINYINT(1) DEFAULT 0,
                    ADD COLUMN display_description_on_expansion TINYINT(1) DEFAULT 0; made by activate_plugin, do_action('activate_product-add-ons-woocommerce/index.php'), WP_Hook->do_action, WP_Hook->apply_filters, ZAddons\Activate->ZAddons\{closure}, ZAddons\DB::db_activate, ZAddons\DB::check_new_tables
[13-Mar-2020 02:16:24 UTC] WordPress database error Table 'gigant.com.ph.wp_za_values' doesn't exist for query ALTER TABLE `wp_za_values` 
                    ADD COLUMN hide TINYINT(1) DEFAULT 0,
                    ADD COLUMN hide_description TINYINT(1) DEFAULT 0; made by activate_plugin, do_action('activate_product-add-ons-woocommerce/index.php'), WP_Hook->do_action, WP_Hook->apply_filters, ZAddons\Activate->ZAddons\{closure}, ZAddons\DB::db_activate, ZAddons\DB::check_new_tables
[13-Mar-2020 02:27:43 UTC] WordPress database error Table 'gigant.com.ph.wp_za_headers' doesn't exist for query SELECT header_text FROM wp_za_headers 
                    WHERE header_type = 'cart'
                    ORDER BY id DESC LIMIT 1
                     made by do_action('wp_ajax_get_header_text'), WP_Hook->do_action, WP_Hook->apply_filters, ZAddons\Admin\ListGroup->get_json_header_text_is_addon_active, ZAddons\Admin\ListGroup->get_header_text_of
[13-Mar-2020 02:27:43 UTC] WordPress database error Table 'gigant.com.ph.wp_za_headers' doesn't exist for query SELECT header_text FROM wp_za_headers 
                    WHERE header_type = 'checkout'
                    ORDER BY id DESC LIMIT 1
                     made by do_action('wp_ajax_get_header_text'), WP_Hook->do_action, WP_Hook->apply_filters, ZAddons\Admin\ListGroup->get_json_header_text_is_addon_active, ZAddons\Admin\ListGroup->get_header_text_of
[13-Mar-2020 03:35:11 UTC] The get_used_coupons function is deprecated since version 3.7. Replace with WC_Abstract_Order::get_coupon_codes.
[13-Mar-2020 07:57:44 UTC] WordPress database error Duplicate entry '1' for key 'PRIMARY' for query INSERT INTO `wp_reason` (`id`, `post_id`, `reason`) VALUES ('1', 'asdad', 'asd') made by require('wp-blog-header.php'), require_once('wp-includes/template-loader.php'), include('/plugins/elementor/modules/page-templates/templates/header-footer.php'), Elementor\Modules\PageTemplates\Module->print_content, call_user_func, Elementor\Modules\PageTemplates\Module->print_callback, the_content, apply_filters('the_content'), WP_Hook->apply_filters, Elementor\Frontend->apply_builder_in_content, Elementor\Frontend->get_builder_content, Elementor\Core\Base\Document->print_elements_with_wrapper, Elementor\Core\Base\Document->print_elements, Elementor\Element_Base->print_element, Elementor\Element_Base->_print_content, Elementor\Element_Base->print_element, Elementor\Element_Base->_print_content, Elementor\Element_Base->print_element, Elementor\Widget_Base->_print_content, Elementor\Widget_Base->render_content, Elementor\Widget_Shortcode->render, do_shortcode, preg_replace_callback, do_shortcode_tag, WCFM_Shortcode->wc_frontend_manager, WCFM_Shortcode->shortcode_wrapper, WCFM_Frontend_Manager_Shortcode::output, WCFM_Library->load_views, do_action('wcfm_load_views'), WP_Hook->do_action, WP_Hook->apply_filters, WCFMu_WCAppointments->wca_load_views, WCFMu_Template->get_template, include('/themes/storefront-child/wcfm/wc_appointments/wcfmu-view-wcappointments-details.php')
[14-Mar-2020 06:46:52 UTC] The get_used_coupons function is deprecated since version 3.7. Replace with WC_Abstract_Order::get_coupon_codes.
[16-Mar-2020 02:51:42 UTC] PHP Notice:  Use of undefined constant REQUEST_URI - assumed 'REQUEST_URI' in /home/rod/public_html/wp-content/themes/twentynineteen/functions.php on line 73
[16-Mar-2020 02:51:45 UTC] PHP Notice:  Use of undefined constant REQUEST_URI - assumed 'REQUEST_URI' in /home/rod/public_html/wp-content/themes/twentynineteen/functions.php on line 73
[16-Mar-2020 02:51:49 UTC] PHP Notice:  Use of undefined constant REQUEST_URI - assumed 'REQUEST_URI' in /home/rod/public_html/wp-content/themes/twentynineteen/functions.php on line 73
[16-Mar-2020 02:51:50 UTC] PHP Notice:  Use of undefined constant REQUEST_URI - assumed 'REQUEST_URI' in /home/rod/public_html/wp-content/themes/twentynineteen/functions.php on line 73
[16-Mar-2020 02:51:53 UTC] PHP Notice:  Use of undefined constant REQUEST_URI - assumed 'REQUEST_URI' in /home/rod/public_html/wp-content/themes/twentynineteen/functions.php on line 73
[16-Mar-2020 02:51:56 UTC] PHP Notice:  Use of undefined constant REQUEST_URI - assumed 'REQUEST_URI' in /home/rod/public_html/wp-content/themes/twentynineteen/functions.php on line 73
[16-Mar-2020 02:51:56 UTC] PHP Notice:  Use of undefined constant REQUEST_URI - assumed 'REQUEST_URI' in /home/rod/public_html/wp-content/themes/twentynineteen/functions.php on line 73
[16-Mar-2020 02:51:57 UTC] PHP Notice:  Use of undefined constant REQUEST_URI - assumed 'REQUEST_URI' in /home/rod/public_html/wp-content/themes/twentynineteen/functions.php on line 73
