2020-02-28T06:15:46+00:00 CRITICAL syntax error, unexpected ';', expecting '{' in /home/gigant/public_html/wp-content/themes/storefront-child/woocommerce/single-product-reviews.php on line 29

2020-02-28T06:21:21+00:00 CRITICAL Uncaught Error: Call to a member function is_whitelabeled() on bool in /home/gigant/public_html/wp-content/plugins/ajax-search-for-woocommerce/fs/lib/templates/powered-by.php:41
Stack trace:
#0 /home/gigant/public_html/wp-content/plugins/ajax-search-for-woocommerce/fs/lib/includes/fs-core-functions.php(45): require()
#1 /home/gigant/public_html/wp-content/plugins/rating-widget/rating-widget.php(3624): fs_require_template('powered-by.php')
#2 /home/gigant/public_html/wp-includes/class-wp-hook.php(288): RatingWidgetPlugin->SettingsPage('')
#3 /home/gigant/public_html/wp-includes/class-wp-hook.php(312): WP_Hook->apply_filters('', Array)
#4 /home/gigant/public_html/wp-includes/plugin.php(478): WP_Hook->do_action(Array)
#5 /home/gigant/public_html/wp-admin/admin.php(254): do_action('toplevel_page_r...')
#6 {main}
  thrown in /home/gigant/public_html/wp-content/plugins/ajax-search-for-woocommerce/fs/lib/templates/powered-by.php on line 41

2020-02-28T06:29:39+00:00 CRITICAL Uncaught Error: Call to a member function get_average_rating() on bool in /home/gigant/public_html/wp-content/themes/storefront-child/functions.php:1637
Stack trace:
#0 /home/gigant/public_html/wp-includes/shortcodes.php(325): get_star_ratings('', '', 'star-reviews')
#1 [internal function]: do_shortcode_tag(Array)
#2 /home/gigant/public_html/wp-includes/shortcodes.php(199): preg_replace_callback('/\\[(\\[?)(star\\-...', 'do_shortcode_ta...', '[star-reviews]')
#3 /home/gigant/public_html/wp-content/plugins/elementor/includes/widgets/shortcode.php(130): do_shortcode('[star-reviews]')
#4 /home/gigant/public_html/wp-content/plugins/elementor/includes/base/widget-base.php(531): Elementor\Widget_Shortcode->render()
#5 /home/gigant/public_html/wp-content/plugins/elementor/includes/base/widget-base.php(644): Elementor\Widget_Base->render_content()
#6 /home/gigant/public_html/wp-content/plugins/elementor/includes/base/element-base.php(735): Elementor\Widget_Base->get_raw_data(true)
#7 /home/gigant/public_html/wp-conte in /home/gigant/public_html/wp-content/themes/storefront-child/functions.php on line 1637

2020-02-28T06:30:35+00:00 CRITICAL Uncaught Error: Call to a member function get_average_rating() on bool in /home/gigant/public_html/wp-content/themes/storefront-child/functions.php:1637
Stack trace:
#0 /home/gigant/public_html/wp-includes/shortcodes.php(325): get_star_ratings('', '', 'star-reviews')
#1 [internal function]: do_shortcode_tag(Array)
#2 /home/gigant/public_html/wp-includes/shortcodes.php(199): preg_replace_callback('/\\[(\\[?)(star\\-...', 'do_shortcode_ta...', '[star-reviews]')
#3 /home/gigant/public_html/wp-content/plugins/elementor/includes/widgets/shortcode.php(130): do_shortcode('[star-reviews]')
#4 /home/gigant/public_html/wp-content/plugins/elementor/includes/base/widget-base.php(531): Elementor\Widget_Shortcode->render()
#5 /home/gigant/public_html/wp-content/plugins/elementor/includes/base/widget-base.php(644): Elementor\Widget_Base->render_content()
#6 /home/gigant/public_html/wp-content/plugins/elementor/includes/base/element-base.php(735): Elementor\Widget_Base->get_raw_data(true)
#7 /home/gigant/public_html/wp-conte in /home/gigant/public_html/wp-content/themes/storefront-child/functions.php on line 1637

2020-02-28T06:52:59+00:00 CRITICAL Uncaught Error: Call to a member function get_average_rating() on bool in /home/gigant/public_html/wp-content/themes/storefront-child/functions.php:1637
Stack trace:
#0 /home/gigant/public_html/wp-includes/shortcodes.php(325): get_star_ratings('', '', 'star-reviews')
#1 [internal function]: do_shortcode_tag(Array)
#2 /home/gigant/public_html/wp-includes/shortcodes.php(199): preg_replace_callback('/\\[(\\[?)(star\\-...', 'do_shortcode_ta...', '[star-reviews]')
#3 /home/gigant/public_html/wp-content/plugins/elementor/includes/widgets/shortcode.php(130): do_shortcode('[star-reviews]')
#4 /home/gigant/public_html/wp-content/plugins/elementor/includes/base/widget-base.php(531): Elementor\Widget_Shortcode->render()
#5 /home/gigant/public_html/wp-content/plugins/elementor/includes/base/widget-base.php(661): Elementor\Widget_Base->render_content()
#6 /home/gigant/public_html/wp-content/plugins/elementor/includes/base/element-base.php(657): Elementor\Widget_Base->_print_content()
#7 /home/gigant/public_html/wp-content in /home/gigant/public_html/wp-content/themes/storefront-child/functions.php on line 1637

2020-02-28T08:48:26+00:00 CRITICAL Uncaught Error: Call to undefined function wcfmmp_is_store_page() in /home/gigant/public_html/wp-content/plugins/wc-frontend-manager-elementor/includes/Conditions/Store.php:51
Stack trace:
#0 /home/gigant/public_html/wp-content/plugins/elementor-pro/modules/theme-builder/classes/conditions-manager.php(311): StoreCondition->check(Array)
#1 /home/gigant/public_html/wp-content/plugins/elementor-pro/modules/theme-builder/classes/conditions-manager.php(397): ElementorPro\Modules\ThemeBuilder\Classes\Conditions_Manager->get_location_templates('footer')
#2 /home/gigant/public_html/wp-content/plugins/elementor-pro/modules/theme-builder/classes/conditions-manager.php(465): ElementorPro\Modules\ThemeBuilder\Classes\Conditions_Manager->get_theme_templates_ids('footer')
#3 /home/gigant/public_html/wp-content/plugins/elementor-pro/modules/theme-builder/classes/theme-support.php(61): ElementorPro\Modules\ThemeBuilder\Classes\Conditions_Manager->get_documents_for_location('footer')
#4 /home/gigant/public_html/wp-includes/cl in /home/gigant/public_html/wp-content/plugins/wc-frontend-manager-elementor/includes/Conditions/Store.php on line 51

2020-02-28T09:10:40+00:00 CRITICAL Uncaught Error: Call to a member function get_average_rating() on bool in /home/gigant/public_html/wp-content/themes/storefront-child/functions.php:1637
Stack trace:
#0 /home/gigant/public_html/wp-includes/shortcodes.php(325): get_star_ratings('', '', 'star-reviews')
#1 [internal function]: do_shortcode_tag(Array)
#2 /home/gigant/public_html/wp-includes/shortcodes.php(199): preg_replace_callback('/\\[(\\[?)(star\\-...', 'do_shortcode_ta...', '[star-reviews]')
#3 /home/gigant/public_html/wp-content/plugins/elementor/includes/widgets/shortcode.php(130): do_shortcode('[star-reviews]')
#4 /home/gigant/public_html/wp-content/plugins/elementor/includes/base/widget-base.php(531): Elementor\Widget_Shortcode->render()
#5 /home/gigant/public_html/wp-content/plugins/elementor/includes/base/widget-base.php(644): Elementor\Widget_Base->render_content()
#6 /home/gigant/public_html/wp-content/plugins/elementor/includes/base/element-base.php(735): Elementor\Widget_Base->get_raw_data(true)
#7 /home/gigant/public_html/wp-conte in /home/gigant/public_html/wp-content/themes/storefront-child/functions.php on line 1637

2020-02-28T09:11:14+00:00 CRITICAL Uncaught Error: Call to a member function get_average_rating() on bool in /home/gigant/public_html/wp-content/themes/storefront-child/functions.php:1637
Stack trace:
#0 /home/gigant/public_html/wp-includes/shortcodes.php(325): get_star_ratings('', '', 'star-reviews')
#1 [internal function]: do_shortcode_tag(Array)
#2 /home/gigant/public_html/wp-includes/shortcodes.php(199): preg_replace_callback('/\\[(\\[?)(star\\-...', 'do_shortcode_ta...', '[star-reviews]')
#3 /home/gigant/public_html/wp-content/plugins/elementor/includes/widgets/shortcode.php(130): do_shortcode('[star-reviews]')
#4 /home/gigant/public_html/wp-content/plugins/elementor/includes/base/widget-base.php(531): Elementor\Widget_Shortcode->render()
#5 /home/gigant/public_html/wp-content/plugins/elementor/includes/base/widget-base.php(644): Elementor\Widget_Base->render_content()
#6 /home/gigant/public_html/wp-content/plugins/elementor/includes/base/element-base.php(735): Elementor\Widget_Base->get_raw_data(true)
#7 /home/gigant/public_html/wp-conte in /home/gigant/public_html/wp-content/themes/storefront-child/functions.php on line 1637

2020-02-28T09:11:23+00:00 CRITICAL Uncaught Error: Call to a member function get_average_rating() on bool in /home/gigant/public_html/wp-content/themes/storefront-child/functions.php:1637
Stack trace:
#0 /home/gigant/public_html/wp-includes/shortcodes.php(325): get_star_ratings('', '', 'star-reviews')
#1 [internal function]: do_shortcode_tag(Array)
#2 /home/gigant/public_html/wp-includes/shortcodes.php(199): preg_replace_callback('/\\[(\\[?)(star\\-...', 'do_shortcode_ta...', '[star-reviews]')
#3 /home/gigant/public_html/wp-content/plugins/elementor/includes/widgets/shortcode.php(130): do_shortcode('[star-reviews]')
#4 /home/gigant/public_html/wp-content/plugins/elementor/includes/base/widget-base.php(531): Elementor\Widget_Shortcode->render()
#5 /home/gigant/public_html/wp-content/plugins/elementor/includes/base/widget-base.php(644): Elementor\Widget_Base->render_content()
#6 /home/gigant/public_html/wp-content/plugins/elementor/includes/base/element-base.php(735): Elementor\Widget_Base->get_raw_data(true)
#7 /home/gigant/public_html/wp-conte in /home/gigant/public_html/wp-content/themes/storefront-child/functions.php on line 1637

