2020-03-20T05:02:45+00:00 CRITICAL syntax error, unexpected '<' in C:\xampp\htdocs\gigant-live\wp-content\themes\storefront-child\wcfm\wc_appointments\wcfmu-view-wcappointments-details.php on line 269

2020-03-20T05:02:52+00:00 CRITICAL syntax error, unexpected '<' in C:\xampp\htdocs\gigant-live\wp-content\themes\storefront-child\wcfm\wc_appointments\wcfmu-view-wcappointments-details.php on line 269

2020-03-20T05:22:56+00:00 CRITICAL syntax error, unexpected '<' in C:\xampp\htdocs\gigant-live\wp-content\themes\storefront-child\wcfm\wc_appointments\wcfmu-view-wcappointments-details.php on line 263

2020-03-20T05:54:50+00:00 CRITICAL Uncaught Error: Call to undefined function wcfm_vendor_has_capability() in C:\xampp\htdocs\gigant-live\wp-content\plugins\wc-multivendor-marketplace\views\emails\store-new-order.php:422
Stack trace:
#0 C:\xampp\htdocs\gigant-live\wp-content\plugins\woocommerce\includes\wc-core-functions.php(251): include()
#1 C:\xampp\htdocs\gigant-live\wp-content\plugins\woocommerce\includes\wc-core-functions.php(270): wc_get_template('emails/store-ne...', Array, 'wcfm/', 'C:\\xampp\\htdocs...')
#2 C:\xampp\htdocs\gigant-live\wp-content\plugins\wc-multivendor-marketplace\includes\store-emails\class-wcfmmp-email-store-new-order.php(139): wc_get_template_html('emails/store-ne...', Array, 'wcfm/', 'C:\\xampp\\htdocs...')
#3 C:\xampp\htdocs\gigant-live\wp-content\plugins\woocommerce\includes\emails\class-wc-email.php(540): WCFMmp_Email_Store_New_Order->get_content_html()
#4 C:\xampp\htdocs\gigant-live\wp-content\plugins\wc-multivendor-marketplace\includes\store-emails\class-wcfmmp-email-store-new-order.php(119): WC_Email->get_co in C:\xampp\htdocs\gigant-live\wp-content\plugins\wc-multivendor-marketplace\views\emails\store-new-order.php on line 422

2020-03-20T05:58:38+00:00 CRITICAL Uncaught Error: Call to undefined function wcfm_vendor_has_capability() in C:\xampp\htdocs\gigant-live\wp-content\plugins\wc-multivendor-marketplace\views\emails\store-new-order.php:422
Stack trace:
#0 C:\xampp\htdocs\gigant-live\wp-content\plugins\woocommerce\includes\wc-core-functions.php(251): include()
#1 C:\xampp\htdocs\gigant-live\wp-content\plugins\woocommerce\includes\wc-core-functions.php(270): wc_get_template('emails/store-ne...', Array, 'wcfm/', 'C:\\xampp\\htdocs...')
#2 C:\xampp\htdocs\gigant-live\wp-content\plugins\wc-multivendor-marketplace\includes\store-emails\class-wcfmmp-email-store-new-order.php(139): wc_get_template_html('emails/store-ne...', Array, 'wcfm/', 'C:\\xampp\\htdocs...')
#3 C:\xampp\htdocs\gigant-live\wp-content\plugins\woocommerce\includes\emails\class-wc-email.php(540): WCFMmp_Email_Store_New_Order->get_content_html()
#4 C:\xampp\htdocs\gigant-live\wp-content\plugins\wc-multivendor-marketplace\includes\store-emails\class-wcfmmp-email-store-new-order.php(119): WC_Email->get_co in C:\xampp\htdocs\gigant-live\wp-content\plugins\wc-multivendor-marketplace\views\emails\store-new-order.php on line 422

2020-03-20T06:00:00+00:00 CRITICAL syntax error, unexpected '=' in C:\xampp\htdocs\gigant-live\wp-content\themes\storefront-child\wcfm\wc_appointments\wcfmu-view-wcappointments-details.php on line 277

2020-03-20T07:59:39+00:00 CRITICAL syntax error, unexpected 'array' (T_ARRAY), expecting ')' in C:\xampp\htdocs\gigant-live\wp-content\themes\storefront-child\wcfm\wc_appointments\wcfmu-view-wcappointments-details.php on line 75

2020-03-20T08:01:58+00:00 CRITICAL syntax error, unexpected 'array' (T_ARRAY), expecting ')' in C:\xampp\htdocs\gigant-live\wp-content\themes\storefront-child\wcfm\wc_appointments\wcfmu-view-wcappointments-details.php on line 75

2020-03-20T08:04:36+00:00 CRITICAL syntax error, unexpected 'array' (T_ARRAY), expecting ')' in C:\xampp\htdocs\gigant-live\wp-content\themes\storefront-child\wcfm\wc_appointments\wcfmu-view-wcappointments-details.php on line 75

2020-03-20T09:11:11+00:00 CRITICAL syntax error, unexpected 'POST' (T_STRING), expecting ';' or ',' in C:\xampp\htdocs\gigant-live\wp-content\themes\storefront-child\wcfm\wc_appointments\wcfmu-view-wcappointments-details.php on line 248

2020-03-20T09:45:07+00:00 CRITICAL syntax error, unexpected '}' in C:\xampp\htdocs\gigant-live\wp-content\themes\storefront-child\wcfm\wc_appointments\wcfmu-view-wcappointments-details.php on line 68

2020-03-20T09:45:27+00:00 CRITICAL syntax error, unexpected '}' in C:\xampp\htdocs\gigant-live\wp-content\themes\storefront-child\wcfm\wc_appointments\wcfmu-view-wcappointments-details.php on line 68

2020-03-20T09:45:39+00:00 CRITICAL syntax error, unexpected '}' in C:\xampp\htdocs\gigant-live\wp-content\themes\storefront-child\wcfm\wc_appointments\wcfmu-view-wcappointments-details.php on line 68

2020-03-20T09:45:41+00:00 CRITICAL syntax error, unexpected '}' in C:\xampp\htdocs\gigant-live\wp-content\themes\storefront-child\wcfm\wc_appointments\wcfmu-view-wcappointments-details.php on line 68

2020-03-20T10:20:12+00:00 CRITICAL syntax error, unexpected '=>' (T_DOUBLE_ARROW), expecting ')' in C:\xampp\htdocs\gigant-live\wp-content\themes\storefront-child\wcfm\wc_appointments\wcfmu-view-wcappointments-details.php on line 66

2020-03-20T10:20:37+00:00 CRITICAL syntax error, unexpected '=>' (T_DOUBLE_ARROW), expecting ')' in C:\xampp\htdocs\gigant-live\wp-content\themes\storefront-child\wcfm\wc_appointments\wcfmu-view-wcappointments-details.php on line 66

2020-03-20T10:21:53+00:00 CRITICAL syntax error, unexpected '=>' (T_DOUBLE_ARROW), expecting ')' in C:\xampp\htdocs\gigant-live\wp-content\themes\storefront-child\wcfm\wc_appointments\wcfmu-view-wcappointments-details.php on line 66

2020-03-20T10:23:44+00:00 CRITICAL syntax error, unexpected end of file in C:\xampp\htdocs\gigant-live\wp-content\themes\storefront-child\wcfm\wc_appointments\wcfmu-view-wcappointments-details.php on line 976

2020-03-20T10:24:25+00:00 CRITICAL syntax error, unexpected end of file in C:\xampp\htdocs\gigant-live\wp-content\themes\storefront-child\wcfm\wc_appointments\wcfmu-view-wcappointments-details.php on line 977

2020-03-20T10:24:44+00:00 CRITICAL syntax error, unexpected end of file in C:\xampp\htdocs\gigant-live\wp-content\themes\storefront-child\wcfm\wc_appointments\wcfmu-view-wcappointments-details.php on line 979

2020-03-20T10:24:45+00:00 CRITICAL syntax error, unexpected end of file in C:\xampp\htdocs\gigant-live\wp-content\themes\storefront-child\wcfm\wc_appointments\wcfmu-view-wcappointments-details.php on line 979

2020-03-20T10:24:59+00:00 CRITICAL syntax error, unexpected end of file in C:\xampp\htdocs\gigant-live\wp-content\themes\storefront-child\wcfm\wc_appointments\wcfmu-view-wcappointments-details.php on line 980

2020-03-20T10:27:28+00:00 CRITICAL syntax error, unexpected end of file in C:\xampp\htdocs\gigant-live\wp-content\themes\storefront-child\wcfm\wc_appointments\wcfmu-view-wcappointments-details.php on line 977

