2020-03-16T00:11:31+00:00 CRITICAL Allowed memory size of 134217728 bytes exhausted (tried to allocate 1052672 bytes) in /home/rod/public_html/wp-includes/formatting.php on line 3237

2020-03-16T00:17:58+00:00 CRITICAL Allowed memory size of 134217728 bytes exhausted (tried to allocate 20480 bytes) in /home/rod/public_html/wp-includes/wp-db.php on line 1972

2020-03-16T00:36:35+00:00 CRITICAL Allowed memory size of 134217728 bytes exhausted (tried to allocate 1470464 bytes) in /home/rod/public_html/wp-includes/shortcodes.php on line 199

2020-03-16T00:36:49+00:00 CRITICAL Allowed memory size of 134217728 bytes exhausted (tried to allocate 1470464 bytes) in /home/rod/public_html/wp-includes/shortcodes.php on line 199

2020-03-16T00:39:42+00:00 CRITICAL Allowed memory size of 134217728 bytes exhausted (tried to allocate 20480 bytes) in /home/rod/public_html/wp-content/plugins/elementor/includes/base/widget-base.php on line 156

2020-03-16T00:39:51+00:00 CRITICAL Allowed memory size of 134217728 bytes exhausted (tried to allocate 20480 bytes) in /home/rod/public_html/wp-content/plugins/elementor/includes/base/widget-base.php on line 156

2020-03-16T00:40:03+00:00 CRITICAL Allowed memory size of 134217728 bytes exhausted (tried to allocate 20480 bytes) in /home/rod/public_html/wp-content/plugins/elementor/includes/base/widget-base.php on line 156

2020-03-16T00:40:25+00:00 CRITICAL Allowed memory size of 134217728 bytes exhausted (tried to allocate 20480 bytes) in /home/rod/public_html/wp-content/plugins/elementor/includes/base/widget-base.php on line 156

2020-03-16T00:42:30+00:00 CRITICAL Allowed memory size of 134217728 bytes exhausted (tried to allocate 20480 bytes) in /home/rod/public_html/wp-content/plugins/elementor/includes/base/widget-base.php on line 156

2020-03-16T00:51:27+00:00 CRITICAL Allowed memory size of 134217728 bytes exhausted (tried to allocate 20480 bytes) in /home/rod/public_html/wp-content/plugins/elementor/includes/base/widget-base.php on line 156

2020-03-16T00:59:00+00:00 CRITICAL Allowed memory size of 134217728 bytes exhausted (tried to allocate 20480 bytes) in /home/rod/public_html/wp-content/plugins/elementor/includes/base/widget-base.php on line 156

2020-03-16T00:59:22+00:00 CRITICAL Allowed memory size of 134217728 bytes exhausted (tried to allocate 20480 bytes) in /home/rod/public_html/wp-content/plugins/elementor/includes/base/widget-base.php on line 156

2020-03-16T01:02:25+00:00 CRITICAL Allowed memory size of 134217728 bytes exhausted (tried to allocate 20480 bytes) in /home/rod/public_html/wp-content/plugins/elementor/includes/base/widget-base.php on line 156

2020-03-16T01:49:55+00:00 CRITICAL Allowed memory size of 134217728 bytes exhausted (tried to allocate 20480 bytes) in /home/rod/public_html/wp-content/plugins/elementor/includes/base/widget-base.php on line 156

2020-03-16T02:25:54+00:00 CRITICAL Allowed memory size of 134217728 bytes exhausted (tried to allocate 20480 bytes) in /home/rod/public_html/wp-content/plugins/elementor/includes/base/controls-stack.php on line 622

2020-03-16T02:30:26+00:00 CRITICAL Allowed memory size of 134217728 bytes exhausted (tried to allocate 20480 bytes) in /home/rod/public_html/wp-content/plugins/elementor/includes/base/widget-base.php on line 156

2020-03-16T02:34:32+00:00 CRITICAL Allowed memory size of 134217728 bytes exhausted (tried to allocate 20480 bytes) in /home/rod/public_html/wp-content/plugins/elementor/includes/base/widget-base.php on line 156

2020-03-16T02:34:52+00:00 CRITICAL Allowed memory size of 134217728 bytes exhausted (tried to allocate 20480 bytes) in /home/rod/public_html/wp-content/plugins/elementor/includes/base/widget-base.php on line 156

2020-03-16T02:35:17+00:00 CRITICAL Allowed memory size of 134217728 bytes exhausted (tried to allocate 20480 bytes) in /home/rod/public_html/wp-content/plugins/elementor/includes/base/controls-stack.php on line 622

2020-03-16T02:35:26+00:00 CRITICAL Allowed memory size of 134217728 bytes exhausted (tried to allocate 20480 bytes) in /home/rod/public_html/wp-content/plugins/elementor/includes/base/widget-base.php on line 156

2020-03-16T02:35:38+00:00 CRITICAL Allowed memory size of 134217728 bytes exhausted (tried to allocate 20480 bytes) in /home/rod/public_html/wp-content/plugins/elementor/includes/base/widget-base.php on line 156

2020-03-16T02:57:05+00:00 CRITICAL Allowed memory size of 134217728 bytes exhausted (tried to allocate 20480 bytes) in /home/rod/public_html/wp-content/plugins/elementor/includes/base/widget-base.php on line 156

2020-03-16T02:57:59+00:00 CRITICAL Allowed memory size of 134217728 bytes exhausted (tried to allocate 20480 bytes) in /home/rod/public_html/wp-content/plugins/elementor/includes/base/widget-base.php on line 156

2020-03-16T02:58:09+00:00 CRITICAL Allowed memory size of 134217728 bytes exhausted (tried to allocate 20480 bytes) in /home/rod/public_html/wp-content/plugins/elementor/includes/base/widget-base.php on line 156

2020-03-16T02:59:35+00:00 CRITICAL Allowed memory size of 134217728 bytes exhausted (tried to allocate 20480 bytes) in /home/rod/public_html/wp-content/plugins/elementor/includes/base/widget-base.php on line 156

2020-03-16T03:00:01+00:00 CRITICAL Allowed memory size of 134217728 bytes exhausted (tried to allocate 20480 bytes) in /home/rod/public_html/wp-content/plugins/elementor/includes/base/widget-base.php on line 156

2020-03-16T03:00:15+00:00 CRITICAL Allowed memory size of 134217728 bytes exhausted (tried to allocate 20480 bytes) in /home/rod/public_html/wp-content/plugins/elementor/includes/base/widget-base.php on line 156

2020-03-16T03:01:10+00:00 CRITICAL Allowed memory size of 134217728 bytes exhausted (tried to allocate 20480 bytes) in /home/rod/public_html/wp-content/plugins/elementor/includes/base/widget-base.php on line 156

2020-03-16T03:02:54+00:00 CRITICAL Allowed memory size of 134217728 bytes exhausted (tried to allocate 20480 bytes) in /home/rod/public_html/wp-content/plugins/elementor/includes/base/widget-base.php on line 156

2020-03-16T03:02:59+00:00 CRITICAL Allowed memory size of 134217728 bytes exhausted (tried to allocate 20480 bytes) in /home/rod/public_html/wp-content/plugins/elementor/includes/base/widget-base.php on line 156

2020-03-16T03:06:30+00:00 CRITICAL Allowed memory size of 134217728 bytes exhausted (tried to allocate 20480 bytes) in /home/rod/public_html/wp-content/plugins/elementor/includes/base/widget-base.php on line 156

2020-03-16T03:44:43+00:00 CRITICAL syntax error, unexpected 'modal' (T_STRING), expecting ',' or ';' in /home/rod/public_html/wp-content/themes/storefront-child/woocommerce/myaccount/appointments.php on line 206

2020-03-16T04:02:23+00:00 CRITICAL syntax error, unexpected '?' in /home/rod/public_html/wp-content/themes/storefront-child/woocommerce/myaccount/appointments.php on line 178

2020-03-16T05:07:59+00:00 CRITICAL Uncaught Error: Call to undefined function wcfm_vendor_has_capability() in /home/rod/public_html/wp-content/plugins/wc-multivendor-marketplace/views/emails/store-new-order.php:422
Stack trace:
#0 /home/rod/public_html/wp-content/plugins/woocommerce/includes/wc-core-functions.php(251): include()
#1 /home/rod/public_html/wp-content/plugins/woocommerce/includes/wc-core-functions.php(270): wc_get_template('emails/store-ne...', Array, 'wcfm/', '/home/rod/publi...')
#2 /home/rod/public_html/wp-content/plugins/wc-multivendor-marketplace/includes/store-emails/class-wcfmmp-email-store-new-order.php(139): wc_get_template_html('emails/store-ne...', Array, 'wcfm/', '/home/rod/publi...')
#3 /home/rod/public_html/wp-content/plugins/woocommerce/includes/emails/class-wc-email.php(540): WCFMmp_Email_Store_New_Order->get_content_html()
#4 /home/rod/public_html/wp-content/plugins/wc-multivendor-marketplace/includes/store-emails/class-wcfmmp-email-store-new-order.php(119): WC_Email->get_content()
#5 /home/rod/public_html/wp-cont in /home/rod/public_html/wp-content/plugins/wc-multivendor-marketplace/views/emails/store-new-order.php on line 422

2020-03-16T05:16:25+00:00 CRITICAL syntax error, unexpected '}' in /home/rod/public_html/wp-content/themes/storefront-child/woocommerce/myaccount/appointments.php on line 207

2020-03-16T05:17:00+00:00 CRITICAL syntax error, unexpected '}' in /home/rod/public_html/wp-content/themes/storefront-child/woocommerce/myaccount/appointments.php on line 207

2020-03-16T05:18:04+00:00 CRITICAL syntax error, unexpected 'endif' (T_ENDIF) in /home/rod/public_html/wp-content/themes/storefront-child/woocommerce/myaccount/appointments.php on line 208

2020-03-16T05:35:40+00:00 CRITICAL syntax error, unexpected '$actions' (T_VARIABLE), expecting ',' or ';' in /home/rod/public_html/wp-content/themes/storefront-child/woocommerce/myaccount/appointments.php on line 205

2020-03-16T06:15:07+00:00 CRITICAL syntax error, unexpected 'endforeach' (T_ENDFOREACH), expecting elseif (T_ELSEIF) or else (T_ELSE) or endif (T_ENDIF) in /home/rod/public_html/wp-content/themes/storefront-child/woocommerce/myaccount/appointments.php on line 177

2020-03-16T06:15:52+00:00 CRITICAL syntax error, unexpected 'endforeach' (T_ENDFOREACH) in /home/rod/public_html/wp-content/themes/storefront-child/woocommerce/myaccount/appointments.php on line 188

2020-03-16T08:21:38+00:00 CRITICAL Allowed memory size of 268435456 bytes exhausted (tried to allocate 77824 bytes) in /home/rod/public_html/wp-includes/wp-db.php on line 1995

2020-03-16T08:21:47+00:00 CRITICAL Allowed memory size of 268435456 bytes exhausted (tried to allocate 73728 bytes) in /home/rod/public_html/wp-includes/wp-db.php on line 1995

2020-03-16T08:21:54+00:00 CRITICAL Allowed memory size of 268435456 bytes exhausted (tried to allocate 36864 bytes) in /home/rod/public_html/wp-includes/wp-db.php on line 1995

2020-03-16T14:24:08+00:00 CRITICAL Uncaught Error: Class 'AccessToken' not found in /home/rod/public_html/wp-content/plugins/twilio-video/twilio-video.php:53
Stack trace:
#0 /home/rod/public_html/wp-includes/rest-api/class-wp-rest-server.php(946): twilio_video_get_token(Object(WP_REST_Request))
#1 /home/rod/public_html/wp-includes/rest-api/class-wp-rest-server.php(329): WP_REST_Server->dispatch(Object(WP_REST_Request))
#2 /home/rod/public_html/wp-includes/rest-api.php(305): WP_REST_Server->serve_request('/twilio-video-a...')
#3 /home/rod/public_html/wp-includes/class-wp-hook.php(288): rest_api_loaded(Object(WP))
#4 /home/rod/public_html/wp-includes/class-wp-hook.php(312): WP_Hook->apply_filters(NULL, Array)
#5 /home/rod/public_html/wp-includes/plugin.php(544): WP_Hook->do_action(Array)
#6 /home/rod/public_html/wp-includes/class-wp.php(387): do_action_ref_array('parse_request', Array)
#7 /home/rod/public_html/wp-includes/class-wp.php(729): WP->parse_request('')
#8 /home/rod/public_html/wp-includes/functions.php(1255): WP->main('')
#9 /home/rod/ in /home/rod/public_html/wp-content/plugins/twilio-video/twilio-video.php on line 53

2020-03-16T14:24:50+00:00 CRITICAL Uncaught Error: Class 'AccessToken' not found in /home/rod/public_html/wp-content/plugins/twilio-video/twilio-video.php:53
Stack trace:
#0 /home/rod/public_html/wp-includes/rest-api/class-wp-rest-server.php(946): twilio_video_get_token(Object(WP_REST_Request))
#1 /home/rod/public_html/wp-includes/rest-api/class-wp-rest-server.php(329): WP_REST_Server->dispatch(Object(WP_REST_Request))
#2 /home/rod/public_html/wp-includes/rest-api.php(305): WP_REST_Server->serve_request('/twilio-video-a...')
#3 /home/rod/public_html/wp-includes/class-wp-hook.php(288): rest_api_loaded(Object(WP))
#4 /home/rod/public_html/wp-includes/class-wp-hook.php(312): WP_Hook->apply_filters(NULL, Array)
#5 /home/rod/public_html/wp-includes/plugin.php(544): WP_Hook->do_action(Array)
#6 /home/rod/public_html/wp-includes/class-wp.php(387): do_action_ref_array('parse_request', Array)
#7 /home/rod/public_html/wp-includes/class-wp.php(729): WP->parse_request('')
#8 /home/rod/public_html/wp-includes/functions.php(1255): WP->main('')
#9 /home/rod/ in /home/rod/public_html/wp-content/plugins/twilio-video/twilio-video.php on line 53

2020-03-16T14:37:55+00:00 CRITICAL Uncaught Error: Class 'AccessToken' not found in /home/rod/public_html/wp-content/plugins/twilio-video/twilio-video.php:53
Stack trace:
#0 /home/rod/public_html/wp-includes/rest-api/class-wp-rest-server.php(946): twilio_video_get_token(Object(WP_REST_Request))
#1 /home/rod/public_html/wp-includes/rest-api/class-wp-rest-server.php(329): WP_REST_Server->dispatch(Object(WP_REST_Request))
#2 /home/rod/public_html/wp-includes/rest-api.php(305): WP_REST_Server->serve_request('/twilio-video-a...')
#3 /home/rod/public_html/wp-includes/class-wp-hook.php(288): rest_api_loaded(Object(WP))
#4 /home/rod/public_html/wp-includes/class-wp-hook.php(312): WP_Hook->apply_filters(NULL, Array)
#5 /home/rod/public_html/wp-includes/plugin.php(544): WP_Hook->do_action(Array)
#6 /home/rod/public_html/wp-includes/class-wp.php(387): do_action_ref_array('parse_request', Array)
#7 /home/rod/public_html/wp-includes/class-wp.php(729): WP->parse_request('')
#8 /home/rod/public_html/wp-includes/functions.php(1255): WP->main('')
#9 /home/rod/ in /home/rod/public_html/wp-content/plugins/twilio-video/twilio-video.php on line 53

2020-03-16T15:27:32+00:00 CRITICAL Uncaught Error: Call to undefined function iconv() in /home/rod/public_html/wp-content/plugins/wp-file-manager/lib/php/elFinder.class.php:3589
Stack trace:
#0 /home/rod/public_html/wp-content/plugins/wp-file-manager/lib/php/elFinder.class.php(1079): elFinder->put(Array)
#1 /home/rod/public_html/wp-content/plugins/wp-file-manager/lib/php/elFinderConnector.class.php(160): elFinder->exec('put', Array)
#2 /home/rod/public_html/wp-content/plugins/wp-file-manager/file_folder_manager.php(790): elFinderConnector->run()
#3 /home/rod/public_html/wp-includes/class-wp-hook.php(288): mk_file_folder_manager->mk_file_folder_manager_action_callback('')
#4 /home/rod/public_html/wp-includes/class-wp-hook.php(312): WP_Hook->apply_filters('', Array)
#5 /home/rod/public_html/wp-includes/plugin.php(478): WP_Hook->do_action(Array)
#6 /home/rod/public_html/wp-admin/admin-ajax.php(175): do_action('wp_ajax_mk_file...')
#7 {main}
  thrown in /home/rod/public_html/wp-content/plugins/wp-file-manager/lib/php/elFinder.class.php on line 3589

2020-03-16T15:27:59+00:00 CRITICAL Uncaught Error: Call to undefined function iconv() in /home/rod/public_html/wp-content/plugins/wp-file-manager/lib/php/elFinder.class.php:3589
Stack trace:
#0 /home/rod/public_html/wp-content/plugins/wp-file-manager/lib/php/elFinder.class.php(1079): elFinder->put(Array)
#1 /home/rod/public_html/wp-content/plugins/wp-file-manager/lib/php/elFinderConnector.class.php(160): elFinder->exec('put', Array)
#2 /home/rod/public_html/wp-content/plugins/wp-file-manager/file_folder_manager.php(790): elFinderConnector->run()
#3 /home/rod/public_html/wp-includes/class-wp-hook.php(288): mk_file_folder_manager->mk_file_folder_manager_action_callback('')
#4 /home/rod/public_html/wp-includes/class-wp-hook.php(312): WP_Hook->apply_filters('', Array)
#5 /home/rod/public_html/wp-includes/plugin.php(478): WP_Hook->do_action(Array)
#6 /home/rod/public_html/wp-admin/admin-ajax.php(175): do_action('wp_ajax_mk_file...')
#7 {main}
  thrown in /home/rod/public_html/wp-content/plugins/wp-file-manager/lib/php/elFinder.class.php on line 3589

2020-03-16T15:28:38+00:00 CRITICAL Uncaught Error: Call to undefined function iconv() in /home/rod/public_html/wp-content/plugins/wp-file-manager/lib/php/elFinder.class.php:3589
Stack trace:
#0 /home/rod/public_html/wp-content/plugins/wp-file-manager/lib/php/elFinder.class.php(1079): elFinder->put(Array)
#1 /home/rod/public_html/wp-content/plugins/wp-file-manager/lib/php/elFinderConnector.class.php(160): elFinder->exec('put', Array)
#2 /home/rod/public_html/wp-content/plugins/wp-file-manager/file_folder_manager.php(790): elFinderConnector->run()
#3 /home/rod/public_html/wp-includes/class-wp-hook.php(288): mk_file_folder_manager->mk_file_folder_manager_action_callback('')
#4 /home/rod/public_html/wp-includes/class-wp-hook.php(312): WP_Hook->apply_filters('', Array)
#5 /home/rod/public_html/wp-includes/plugin.php(478): WP_Hook->do_action(Array)
#6 /home/rod/public_html/wp-admin/admin-ajax.php(175): do_action('wp_ajax_mk_file...')
#7 {main}
  thrown in /home/rod/public_html/wp-content/plugins/wp-file-manager/lib/php/elFinder.class.php on line 3589

2020-03-16T15:29:12+00:00 CRITICAL Uncaught Error: Call to undefined function iconv() in /home/rod/public_html/wp-content/plugins/wp-file-manager/lib/php/elFinder.class.php:3589
Stack trace:
#0 /home/rod/public_html/wp-content/plugins/wp-file-manager/lib/php/elFinder.class.php(1079): elFinder->put(Array)
#1 /home/rod/public_html/wp-content/plugins/wp-file-manager/lib/php/elFinderConnector.class.php(160): elFinder->exec('put', Array)
#2 /home/rod/public_html/wp-content/plugins/wp-file-manager/file_folder_manager.php(790): elFinderConnector->run()
#3 /home/rod/public_html/wp-includes/class-wp-hook.php(288): mk_file_folder_manager->mk_file_folder_manager_action_callback('')
#4 /home/rod/public_html/wp-includes/class-wp-hook.php(312): WP_Hook->apply_filters('', Array)
#5 /home/rod/public_html/wp-includes/plugin.php(478): WP_Hook->do_action(Array)
#6 /home/rod/public_html/wp-admin/admin-ajax.php(175): do_action('wp_ajax_mk_file...')
#7 {main}
  thrown in /home/rod/public_html/wp-content/plugins/wp-file-manager/lib/php/elFinder.class.php on line 3589

2020-03-16T15:33:50+00:00 CRITICAL Uncaught Error: Class 'AccessToken' not found in /home/rod/public_html/wp-content/plugins/twilio-video/twilio-video.php:53
Stack trace:
#0 /home/rod/public_html/wp-includes/rest-api/class-wp-rest-server.php(946): twilio_video_get_token(Object(WP_REST_Request))
#1 /home/rod/public_html/wp-includes/rest-api/class-wp-rest-server.php(329): WP_REST_Server->dispatch(Object(WP_REST_Request))
#2 /home/rod/public_html/wp-includes/rest-api.php(305): WP_REST_Server->serve_request('/twilio-video-a...')
#3 /home/rod/public_html/wp-includes/class-wp-hook.php(288): rest_api_loaded(Object(WP))
#4 /home/rod/public_html/wp-includes/class-wp-hook.php(312): WP_Hook->apply_filters(NULL, Array)
#5 /home/rod/public_html/wp-includes/plugin.php(544): WP_Hook->do_action(Array)
#6 /home/rod/public_html/wp-includes/class-wp.php(387): do_action_ref_array('parse_request', Array)
#7 /home/rod/public_html/wp-includes/class-wp.php(729): WP->parse_request('')
#8 /home/rod/public_html/wp-includes/functions.php(1255): WP->main('')
#9 /home/rod/ in /home/rod/public_html/wp-content/plugins/twilio-video/twilio-video.php on line 53

