2020-03-11T01:25:26+00:00 CRITICAL syntax error, unexpected '}', expecting end of file in C:\xampp2\htdocs\gigant.com.ph\wp-content\themes\storefront-child\wcfm\dashboard\wcfm-view-dashboard.php on line 571

2020-03-11T01:26:33+00:00 CRITICAL syntax error, unexpected '}', expecting end of file in C:\xampp2\htdocs\gigant.com.ph\wp-content\themes\storefront-child\wcfm\dashboard\wcfm-view-dashboard.php on line 571

2020-03-11T01:27:08+00:00 CRITICAL syntax error, unexpected '}', expecting end of file in C:\xampp2\htdocs\gigant.com.ph\wp-content\themes\storefront-child\wcfm\dashboard\wcfm-view-dashboard.php on line 571

2020-03-11T01:30:43+00:00 CRITICAL syntax error, unexpected '}', expecting end of file in C:\xampp2\htdocs\gigant.com.ph\wp-content\themes\storefront-child\wcfm\dashboard\wcfm-view-dashboard.php on line 571

2020-03-11T01:33:32+00:00 CRITICAL syntax error, unexpected '}', expecting end of file in C:\xampp2\htdocs\gigant.com.ph\wp-content\themes\storefront-child\wcfm\dashboard\wcfm-view-dashboard.php on line 571

2020-03-11T01:34:09+00:00 CRITICAL syntax error, unexpected '}', expecting end of file in C:\xampp2\htdocs\gigant.com.ph\wp-content\themes\storefront-child\wcfm\dashboard\wcfm-view-dashboard.php on line 571

2020-03-11T01:35:00+00:00 CRITICAL syntax error, unexpected '}', expecting end of file in C:\xampp2\htdocs\gigant.com.ph\wp-content\themes\storefront-child\wcfm\dashboard\wcfm-view-dashboard.php on line 571

2020-03-11T01:37:47+00:00 CRITICAL syntax error, unexpected '}', expecting end of file in C:\xampp2\htdocs\gigant.com.ph\wp-content\themes\storefront-child\wcfm\dashboard\wcfm-view-dashboard.php on line 571

2020-03-11T01:57:29+00:00 CRITICAL syntax error, unexpected '}', expecting end of file in C:\xampp2\htdocs\gigant.com.ph\wp-content\themes\storefront-child\wcfm\dashboard\wcfm-view-dashboard.php on line 571

2020-03-11T02:03:59+00:00 CRITICAL Maximum execution time of 120 seconds exceeded in C:\xampp2\htdocs\gigant.com.ph\wp-content\themes\storefront-child\functions.php on line 1453

2020-03-11T02:06:15+00:00 CRITICAL syntax error, unexpected '}', expecting end of file in C:\xampp2\htdocs\gigant.com.ph\wp-content\themes\storefront-child\wcfm\dashboard\wcfm-view-dashboard.php on line 571

2020-03-11T02:07:15+00:00 CRITICAL Maximum execution time of 120 seconds exceeded in C:\xampp2\htdocs\gigant.com.ph\wp-includes\wp-db.php on line 2030

2020-03-11T02:11:32+00:00 CRITICAL Maximum execution time of 120 seconds exceeded in C:\xampp2\htdocs\gigant.com.ph\wp-includes\wp-db.php on line 2030

2020-03-11T02:12:51+00:00 CRITICAL syntax error, unexpected '}', expecting end of file in C:\xampp2\htdocs\gigant.com.ph\wp-content\themes\storefront-child\wcfm\dashboard\wcfm-view-dashboard.php on line 571

2020-03-11T02:13:49+00:00 CRITICAL syntax error, unexpected '}', expecting end of file in C:\xampp2\htdocs\gigant.com.ph\wp-content\themes\storefront-child\wcfm\dashboard\wcfm-view-dashboard.php on line 571

2020-03-11T02:14:07+00:00 CRITICAL syntax error, unexpected '}', expecting end of file in C:\xampp2\htdocs\gigant.com.ph\wp-content\themes\storefront-child\wcfm\dashboard\wcfm-view-dashboard.php on line 571

2020-03-11T02:14:17+00:00 CRITICAL syntax error, unexpected '}', expecting end of file in C:\xampp2\htdocs\gigant.com.ph\wp-content\themes\storefront-child\wcfm\dashboard\wcfm-view-dashboard.php on line 571

2020-03-11T02:14:28+00:00 CRITICAL syntax error, unexpected '}', expecting end of file in C:\xampp2\htdocs\gigant.com.ph\wp-content\themes\storefront-child\wcfm\dashboard\wcfm-view-dashboard.php on line 571

2020-03-11T02:15:47+00:00 CRITICAL Maximum execution time of 120 seconds exceeded in C:\xampp2\htdocs\gigant.com.ph\wp-includes\wp-db.php on line 2030

2020-03-11T02:18:13+00:00 CRITICAL syntax error, unexpected '}', expecting end of file in C:\xampp2\htdocs\gigant.com.ph\wp-content\themes\storefront-child\wcfm\dashboard\wcfm-view-dashboard.php on line 571

2020-03-11T02:18:45+00:00 CRITICAL Maximum execution time of 120 seconds exceeded in C:\xampp2\htdocs\gigant.com.ph\wp-includes\wp-db.php on line 2030

2020-03-11T02:21:07+00:00 CRITICAL syntax error, unexpected '}', expecting end of file in C:\xampp2\htdocs\gigant.com.ph\wp-content\themes\storefront-child\wcfm\dashboard\wcfm-view-dashboard.php on line 571

2020-03-11T02:21:25+00:00 CRITICAL Maximum execution time of 120 seconds exceeded in C:\xampp2\htdocs\gigant.com.ph\wp-includes\wp-db.php on line 2030

2020-03-11T02:21:40+00:00 CRITICAL syntax error, unexpected '}', expecting end of file in C:\xampp2\htdocs\gigant.com.ph\wp-content\themes\storefront-child\wcfm\dashboard\wcfm-view-dashboard.php on line 571

2020-03-11T02:22:21+00:00 CRITICAL syntax error, unexpected '}', expecting end of file in C:\xampp2\htdocs\gigant.com.ph\wp-content\themes\storefront-child\wcfm\dashboard\wcfm-view-dashboard.php on line 571

2020-03-11T02:24:17+00:00 CRITICAL Maximum execution time of 120 seconds exceeded in C:\xampp2\htdocs\gigant.com.ph\wp-includes\wp-db.php on line 2030

2020-03-11T02:25:23+00:00 CRITICAL syntax error, unexpected '}', expecting end of file in C:\xampp2\htdocs\gigant.com.ph\wp-content\themes\storefront-child\wcfm\dashboard\wcfm-view-dashboard.php on line 571

2020-03-11T02:25:51+00:00 CRITICAL syntax error, unexpected '}', expecting end of file in C:\xampp2\htdocs\gigant.com.ph\wp-content\themes\storefront-child\wcfm\dashboard\wcfm-view-dashboard.php on line 571

2020-03-11T02:26:05+00:00 CRITICAL syntax error, unexpected '}', expecting end of file in C:\xampp2\htdocs\gigant.com.ph\wp-content\themes\storefront-child\wcfm\dashboard\wcfm-view-dashboard.php on line 571

2020-03-11T02:29:09+00:00 CRITICAL syntax error, unexpected '}', expecting end of file in C:\xampp2\htdocs\gigant.com.ph\wp-content\themes\storefront-child\wcfm\dashboard\wcfm-view-dashboard.php on line 571

2020-03-11T02:31:47+00:00 CRITICAL syntax error, unexpected '}', expecting end of file in C:\xampp2\htdocs\gigant.com.ph\wp-content\themes\storefront-child\wcfm\dashboard\wcfm-view-dashboard.php on line 571

2020-03-11T02:33:42+00:00 CRITICAL syntax error, unexpected '}', expecting end of file in C:\xampp2\htdocs\gigant.com.ph\wp-content\themes\storefront-child\wcfm\dashboard\wcfm-view-dashboard.php on line 571

2020-03-11T02:37:26+00:00 CRITICAL syntax error, unexpected '}', expecting end of file in C:\xampp2\htdocs\gigant.com.ph\wp-content\themes\storefront-child\wcfm\dashboard\wcfm-view-dashboard.php on line 571

2020-03-11T02:45:27+00:00 CRITICAL syntax error, unexpected '}', expecting end of file in C:\xampp2\htdocs\gigant.com.ph\wp-content\themes\storefront-child\wcfm\dashboard\wcfm-view-dashboard.php on line 571

2020-03-11T02:46:20+00:00 CRITICAL syntax error, unexpected '}', expecting end of file in C:\xampp2\htdocs\gigant.com.ph\wp-content\themes\storefront-child\wcfm\dashboard\wcfm-view-dashboard.php on line 571

2020-03-11T02:47:53+00:00 CRITICAL syntax error, unexpected '}', expecting end of file in C:\xampp2\htdocs\gigant.com.ph\wp-content\themes\storefront-child\wcfm\dashboard\wcfm-view-dashboard.php on line 571

2020-03-11T02:53:44+00:00 CRITICAL syntax error, unexpected '}', expecting end of file in C:\xampp2\htdocs\gigant.com.ph\wp-content\themes\storefront-child\wcfm\dashboard\wcfm-view-dashboard.php on line 571

2020-03-11T02:54:39+00:00 CRITICAL syntax error, unexpected '}', expecting end of file in C:\xampp2\htdocs\gigant.com.ph\wp-content\themes\storefront-child\wcfm\dashboard\wcfm-view-dashboard.php on line 571

2020-03-11T02:55:05+00:00 CRITICAL syntax error, unexpected '}', expecting end of file in C:\xampp2\htdocs\gigant.com.ph\wp-content\themes\storefront-child\wcfm\dashboard\wcfm-view-dashboard.php on line 571

2020-03-11T02:55:39+00:00 CRITICAL syntax error, unexpected '}', expecting end of file in C:\xampp2\htdocs\gigant.com.ph\wp-content\themes\storefront-child\wcfm\dashboard\wcfm-view-dashboard.php on line 571

2020-03-11T02:55:47+00:00 CRITICAL syntax error, unexpected '}', expecting end of file in C:\xampp2\htdocs\gigant.com.ph\wp-content\themes\storefront-child\wcfm\dashboard\wcfm-view-dashboard.php on line 571

2020-03-11T02:56:11+00:00 CRITICAL syntax error, unexpected '}', expecting end of file in C:\xampp2\htdocs\gigant.com.ph\wp-content\themes\storefront-child\wcfm\dashboard\wcfm-view-dashboard.php on line 571

2020-03-11T02:56:32+00:00 CRITICAL syntax error, unexpected '}', expecting end of file in C:\xampp2\htdocs\gigant.com.ph\wp-content\themes\storefront-child\wcfm\dashboard\wcfm-view-dashboard.php on line 571

2020-03-11T02:57:13+00:00 CRITICAL syntax error, unexpected '}', expecting end of file in C:\xampp2\htdocs\gigant.com.ph\wp-content\themes\storefront-child\wcfm\dashboard\wcfm-view-dashboard.php on line 571

2020-03-11T02:57:54+00:00 CRITICAL syntax error, unexpected '}', expecting end of file in C:\xampp2\htdocs\gigant.com.ph\wp-content\themes\storefront-child\wcfm\dashboard\wcfm-view-dashboard.php on line 571

2020-03-11T02:59:35+00:00 CRITICAL syntax error, unexpected '}', expecting end of file in C:\xampp2\htdocs\gigant.com.ph\wp-content\themes\storefront-child\wcfm\dashboard\wcfm-view-dashboard.php on line 571

2020-03-11T03:32:19+00:00 CRITICAL syntax error, unexpected '}', expecting end of file in C:\xampp2\htdocs\gigant.com.ph\wp-content\themes\storefront-child\wcfm\dashboard\wcfm-view-dashboard.php on line 571

2020-03-11T03:34:09+00:00 CRITICAL syntax error, unexpected '}', expecting end of file in C:\xampp2\htdocs\gigant.com.ph\wp-content\themes\storefront-child\wcfm\dashboard\wcfm-view-dashboard.php on line 571

2020-03-11T03:36:49+00:00 CRITICAL syntax error, unexpected '}', expecting end of file in C:\xampp2\htdocs\gigant.com.ph\wp-content\themes\storefront-child\wcfm\dashboard\wcfm-view-dashboard.php on line 571

2020-03-11T03:37:16+00:00 CRITICAL syntax error, unexpected '}', expecting end of file in C:\xampp2\htdocs\gigant.com.ph\wp-content\themes\storefront-child\wcfm\dashboard\wcfm-view-dashboard.php on line 571

2020-03-11T03:38:55+00:00 CRITICAL syntax error, unexpected '}', expecting end of file in C:\xampp2\htdocs\gigant.com.ph\wp-content\themes\storefront-child\wcfm\dashboard\wcfm-view-dashboard.php on line 571

2020-03-11T03:39:24+00:00 CRITICAL syntax error, unexpected '}', expecting end of file in C:\xampp2\htdocs\gigant.com.ph\wp-content\themes\storefront-child\wcfm\dashboard\wcfm-view-dashboard.php on line 571

2020-03-11T03:41:06+00:00 CRITICAL syntax error, unexpected '}', expecting end of file in C:\xampp2\htdocs\gigant.com.ph\wp-content\themes\storefront-child\wcfm\dashboard\wcfm-view-dashboard.php on line 571

2020-03-11T03:41:45+00:00 CRITICAL syntax error, unexpected '}', expecting end of file in C:\xampp2\htdocs\gigant.com.ph\wp-content\themes\storefront-child\wcfm\dashboard\wcfm-view-dashboard.php on line 571

2020-03-11T03:45:27+00:00 CRITICAL syntax error, unexpected '}', expecting end of file in C:\xampp2\htdocs\gigant.com.ph\wp-content\themes\storefront-child\wcfm\dashboard\wcfm-view-dashboard.php on line 571

2020-03-11T03:45:51+00:00 CRITICAL syntax error, unexpected '}', expecting end of file in C:\xampp2\htdocs\gigant.com.ph\wp-content\themes\storefront-child\wcfm\dashboard\wcfm-view-dashboard.php on line 571

2020-03-11T03:46:03+00:00 CRITICAL syntax error, unexpected '}', expecting end of file in C:\xampp2\htdocs\gigant.com.ph\wp-content\themes\storefront-child\wcfm\dashboard\wcfm-view-dashboard.php on line 571

2020-03-11T03:46:52+00:00 CRITICAL syntax error, unexpected '}', expecting end of file in C:\xampp2\htdocs\gigant.com.ph\wp-content\themes\storefront-child\wcfm\dashboard\wcfm-view-dashboard.php on line 547

2020-03-11T03:46:59+00:00 CRITICAL syntax error, unexpected '}', expecting end of file in C:\xampp2\htdocs\gigant.com.ph\wp-content\themes\storefront-child\wcfm\dashboard\wcfm-view-dashboard.php on line 547

2020-03-11T03:50:00+00:00 CRITICAL syntax error, unexpected '}', expecting end of file in C:\xampp2\htdocs\gigant.com.ph\wp-content\themes\storefront-child\wcfm\dashboard\wcfm-view-dashboard.php on line 571

2020-03-11T03:51:20+00:00 CRITICAL syntax error, unexpected '}', expecting end of file in C:\xampp2\htdocs\gigant.com.ph\wp-content\themes\storefront-child\wcfm\dashboard\wcfm-view-dashboard.php on line 539

2020-03-11T03:52:00+00:00 CRITICAL syntax error, unexpected '}', expecting end of file in C:\xampp2\htdocs\gigant.com.ph\wp-content\themes\storefront-child\wcfm\dashboard\wcfm-view-dashboard.php on line 220

2020-03-11T03:52:29+00:00 CRITICAL syntax error, unexpected '}', expecting end of file in C:\xampp2\htdocs\gigant.com.ph\wp-content\themes\storefront-child\wcfm\dashboard\wcfm-view-dashboard.php on line 571

2020-03-11T03:52:32+00:00 CRITICAL syntax error, unexpected '}', expecting end of file in C:\xampp2\htdocs\gigant.com.ph\wp-content\themes\storefront-child\wcfm\dashboard\wcfm-view-dashboard.php on line 571

2020-03-11T03:55:50+00:00 CRITICAL syntax error, unexpected '}', expecting end of file in C:\xampp2\htdocs\gigant.com.ph\wp-content\themes\storefront-child\wcfm\dashboard\wcfm-view-dashboard.php on line 571

2020-03-11T03:56:33+00:00 CRITICAL syntax error, unexpected '}', expecting end of file in C:\xampp2\htdocs\gigant.com.ph\wp-content\themes\storefront-child\wcfm\dashboard\wcfm-view-dashboard.php on line 571

2020-03-11T03:56:52+00:00 CRITICAL syntax error, unexpected '}', expecting end of file in C:\xampp2\htdocs\gigant.com.ph\wp-content\themes\storefront-child\wcfm\dashboard\wcfm-view-dashboard.php on line 571

2020-03-11T03:57:03+00:00 CRITICAL syntax error, unexpected '}', expecting end of file in C:\xampp2\htdocs\gigant.com.ph\wp-content\themes\storefront-child\wcfm\dashboard\wcfm-view-dashboard.php on line 571

2020-03-11T03:57:10+00:00 CRITICAL syntax error, unexpected '}', expecting end of file in C:\xampp2\htdocs\gigant.com.ph\wp-content\themes\storefront-child\wcfm\dashboard\wcfm-view-dashboard.php on line 571

2020-03-11T03:57:39+00:00 CRITICAL syntax error, unexpected '}', expecting end of file in C:\xampp2\htdocs\gigant.com.ph\wp-content\themes\storefront-child\wcfm\dashboard\wcfm-view-dashboard.php on line 571

2020-03-11T03:58:08+00:00 CRITICAL syntax error, unexpected '}', expecting end of file in C:\xampp2\htdocs\gigant.com.ph\wp-content\themes\storefront-child\wcfm\dashboard\wcfm-view-dashboard.php on line 571

2020-03-11T03:58:32+00:00 CRITICAL syntax error, unexpected end of file in C:\xampp2\htdocs\gigant.com.ph\wp-content\themes\storefront-child\wcfm\dashboard\wcfm-view-dashboard.php on line 522

2020-03-11T03:58:57+00:00 CRITICAL syntax error, unexpected '}', expecting end of file in C:\xampp2\htdocs\gigant.com.ph\wp-content\themes\storefront-child\wcfm\dashboard\wcfm-view-dashboard.php on line 550

2020-03-11T03:59:08+00:00 CRITICAL syntax error, unexpected '}', expecting end of file in C:\xampp2\htdocs\gigant.com.ph\wp-content\themes\storefront-child\wcfm\dashboard\wcfm-view-dashboard.php on line 571

2020-03-11T03:59:19+00:00 CRITICAL syntax error, unexpected '}', expecting end of file in C:\xampp2\htdocs\gigant.com.ph\wp-content\themes\storefront-child\wcfm\dashboard\wcfm-view-dashboard.php on line 571

2020-03-11T05:39:30+00:00 CRITICAL syntax error, unexpected '}', expecting end of file in C:\xampp2\htdocs\gigant.com.ph\wp-content\themes\storefront-child\wcfm\dashboard\wcfm-view-wcfmmarketplace-dashboard.php on line 571

2020-03-11T05:47:44+00:00 CRITICAL syntax error, unexpected 'echo' (T_ECHO) in C:\xampp2\htdocs\gigant.com.ph\wp-content\themes\storefront-child\functions.php on line 1220

2020-03-11T05:47:53+00:00 CRITICAL syntax error, unexpected 'echo' (T_ECHO) in C:\xampp2\htdocs\gigant.com.ph\wp-content\themes\storefront-child\functions.php on line 1220

2020-03-11T05:47:55+00:00 CRITICAL syntax error, unexpected 'echo' (T_ECHO) in C:\xampp2\htdocs\gigant.com.ph\wp-content\themes\storefront-child\functions.php on line 1220

2020-03-11T05:47:59+00:00 CRITICAL syntax error, unexpected 'echo' (T_ECHO) in C:\xampp2\htdocs\gigant.com.ph\wp-content\themes\storefront-child\functions.php on line 1220

2020-03-11T05:48:22+00:00 CRITICAL syntax error, unexpected 'echo' (T_ECHO) in C:\xampp2\htdocs\gigant.com.ph\wp-content\themes\storefront-child\functions.php on line 1220

2020-03-11T05:48:32+00:00 CRITICAL syntax error, unexpected 'echo' (T_ECHO) in C:\xampp2\htdocs\gigant.com.ph\wp-content\themes\storefront-child\functions.php on line 1220

2020-03-11T05:48:33+00:00 CRITICAL syntax error, unexpected 'echo' (T_ECHO) in C:\xampp2\htdocs\gigant.com.ph\wp-content\themes\storefront-child\functions.php on line 1220

2020-03-11T05:48:34+00:00 CRITICAL syntax error, unexpected 'echo' (T_ECHO) in C:\xampp2\htdocs\gigant.com.ph\wp-content\themes\storefront-child\functions.php on line 1220

2020-03-11T05:48:36+00:00 CRITICAL syntax error, unexpected 'echo' (T_ECHO) in C:\xampp2\htdocs\gigant.com.ph\wp-content\themes\storefront-child\functions.php on line 1220

2020-03-11T06:10:27+00:00 CRITICAL syntax error, unexpected '}', expecting end of file in C:\xampp2\htdocs\gigant.com.ph\wp-content\themes\storefront-child\wcfm\dashboard\wcfm-view-wcfmmarketplace-dashboard.php on line 571

2020-03-11T06:18:32+00:00 CRITICAL syntax error, unexpected '}', expecting end of file in C:\xampp2\htdocs\gigant.com.ph\wp-content\themes\storefront-child\wcfm\dashboard\wcfm-view-wcfmmarketplace-dashboard.php on line 571

2020-03-11T06:19:03+00:00 CRITICAL syntax error, unexpected '}', expecting end of file in C:\xampp2\htdocs\gigant.com.ph\wp-content\themes\storefront-child\wcfm\dashboard\wcfm-view-wcfmmarketplace-dashboard.php on line 571

2020-03-11T06:19:17+00:00 CRITICAL syntax error, unexpected '}', expecting end of file in C:\xampp2\htdocs\gigant.com.ph\wp-content\themes\storefront-child\wcfm\dashboard\wcfm-view-wcfmmarketplace-dashboard.php on line 571

2020-03-11T06:20:09+00:00 CRITICAL syntax error, unexpected end of file in C:\xampp2\htdocs\gigant.com.ph\wp-content\themes\storefront-child\wcfm\dashboard\wcfm-view-wcfmmarketplace-dashboard.php on line 527

2020-03-11T06:20:22+00:00 CRITICAL syntax error, unexpected end of file in C:\xampp2\htdocs\gigant.com.ph\wp-content\themes\storefront-child\wcfm\dashboard\wcfm-view-wcfmmarketplace-dashboard.php on line 522

2020-03-11T06:20:34+00:00 CRITICAL syntax error, unexpected '}', expecting end of file in C:\xampp2\htdocs\gigant.com.ph\wp-content\themes\storefront-child\wcfm\dashboard\wcfm-view-wcfmmarketplace-dashboard.php on line 571

2020-03-11T07:29:54+00:00 CRITICAL syntax error, unexpected 'endforeach' (T_ENDFOREACH), expecting elseif (T_ELSEIF) or else (T_ELSE) or endif (T_ENDIF) in C:\xampp2\htdocs\gigant.com.ph\wp-content\plugins\wcfm-custom-menus\views\wcfm-views-upgrade.php on line 624

2020-03-11T07:44:15+00:00 CRITICAL Maximum execution time of 120 seconds exceeded in C:\xampp2\htdocs\gigant.com.ph\wp-includes\functions.php on line 5782

2020-03-11T07:44:19+00:00 CRITICAL Maximum execution time of 120 seconds exceeded in C:\xampp2\htdocs\gigant.com.ph\wp-includes\functions.php on line 5782

2020-03-11T07:44:20+00:00 CRITICAL Maximum execution time of 120 seconds exceeded in C:\xampp2\htdocs\gigant.com.ph\wp-content\themes\storefront-child\functions.php on line 1453

2020-03-11T07:44:24+00:00 CRITICAL Maximum execution time of 120 seconds exceeded in C:\xampp2\htdocs\gigant.com.ph\wp-content\plugins\acf-extended\includes\fields\field-recaptcha.php on line 3

2020-03-11T07:44:24+00:00 CRITICAL Maximum execution time of 120 seconds exceeded in C:\xampp2\htdocs\gigant.com.ph\wp-content\themes\storefront-child\functions.php on line 1453

2020-03-11T07:44:24+00:00 CRITICAL Maximum execution time of 120 seconds exceeded in C:\xampp2\htdocs\gigant.com.ph\wp-content\themes\storefront-child\functions.php on line 1453

2020-03-11T07:44:24+00:00 CRITICAL Maximum execution time of 120 seconds exceeded in C:\xampp2\htdocs\gigant.com.ph\wp-content\themes\storefront-child\functions.php on line 1453

2020-03-11T07:44:24+00:00 CRITICAL Maximum execution time of 120 seconds exceeded in C:\xampp2\htdocs\gigant.com.ph\wp-content\themes\storefront-child\functions.php on line 1453

2020-03-11T07:44:34+00:00 CRITICAL Maximum execution time of 120 seconds exceeded in C:\xampp2\htdocs\gigant.com.ph\wp-includes\Requests\Transport\cURL.php on line 163

2020-03-11T07:44:34+00:00 CRITICAL Maximum execution time of 120 seconds exceeded in C:\xampp2\htdocs\gigant.com.ph\wp-content\themes\storefront-child\functions.php on line 1453

2020-03-11T07:46:12+00:00 CRITICAL Maximum execution time of 120 seconds exceeded in C:\xampp2\htdocs\gigant.com.ph\wp-content\plugins\ti-woocommerce-wishlist\integrations\theme-divi.php on line 16

2020-03-11T07:46:20+00:00 CRITICAL Maximum execution time of 120 seconds exceeded in C:\xampp2\htdocs\gigant.com.ph\wp-content\plugins\ti-woocommerce-wishlist\admin\settings\general.class.php on line 11

2020-03-11T07:46:20+00:00 CRITICAL Maximum execution time of 120 seconds exceeded in C:\xampp2\htdocs\gigant.com.ph\wp-content\plugins\mycred\modules\mycred-module-addons.php on line 117

2020-03-11T07:46:26+00:00 CRITICAL Maximum execution time of 120 seconds exceeded in C:\xampp2\htdocs\gigant.com.ph\wp-content\plugins\mycred\addons\buy-creds\gateways\Bitpay\Token.php on line 12

2020-03-11T07:46:26+00:00 CRITICAL Maximum execution time of 120 seconds exceeded in C:\xampp2\htdocs\gigant.com.ph\wp-content\plugins\mycred\addons\buy-creds\gateways\Bitpay\Token.php on line 12

2020-03-11T07:46:33+00:00 CRITICAL Maximum execution time of 120 seconds exceeded in C:\xampp2\htdocs\gigant.com.ph\wp-content\plugins\mycred\includes\hooks\mycred-hook-view-content.php on line 2

2020-03-11T07:46:34+00:00 CRITICAL Maximum execution time of 120 seconds exceeded in C:\xampp2\htdocs\gigant.com.ph\wp-content\plugins\mycred\includes\hooks\external\mycred-hook-buddypress-media.php on line 2

2020-03-11T07:47:09+00:00 CRITICAL Maximum execution time of 120 seconds exceeded in C:\xampp2\htdocs\gigant.com.ph\wp-content\plugins\wc-frontend-manager-ultimate\core\license\classes\class-wcfmu-update.php on line 3

2020-03-11T07:47:30+00:00 CRITICAL Maximum execution time of 120 seconds exceeded in C:\xampp2\htdocs\gigant.com.ph\wp-content\themes\storefront-child\functions.php on line 1453

2020-03-11T07:48:20+00:00 CRITICAL Maximum execution time of 120 seconds exceeded in C:\xampp2\htdocs\gigant.com.ph\wp-includes\wp-db.php on line 2030

2020-03-11T07:58:46+00:00 CRITICAL syntax error, unexpected '"test"' (T_CONSTANT_ENCAPSED_STRING), expecting ';' or ',' in C:\xampp2\htdocs\gigant.com.ph\wp-content\plugins\wcfm-custom-menus\views\wcfm-views-upgrade.php on line 328

2020-03-11T08:13:09+00:00 CRITICAL Maximum execution time of 120 seconds exceeded in C:\xampp2\htdocs\gigant.com.ph\wp-content\plugins\ti-woocommerce-wishlist\integrations\woocommerce-product-addons.php on line 16

2020-03-11T08:13:23+00:00 CRITICAL Maximum execution time of 120 seconds exceeded in C:\xampp2\htdocs\gigant.com.ph\wp-content\themes\storefront-child\functions.php on line 143

2020-03-11T08:13:28+00:00 CRITICAL Maximum execution time of 120 seconds exceeded in C:\xampp2\htdocs\gigant.com.ph\wp-content\plugins\mycred\includes\hooks\external\mycred-hook-affiliatewp.php on line 2

2020-03-11T08:13:28+00:00 CRITICAL Maximum execution time of 120 seconds exceeded in C:\xampp2\htdocs\gigant.com.ph\wp-content\plugins\mycred\includes\hooks\external\mycred-hook-affiliatewp.php on line 2

2020-03-11T08:13:28+00:00 CRITICAL Maximum execution time of 120 seconds exceeded in C:\xampp2\htdocs\gigant.com.ph\wp-content\plugins\mycred\includes\hooks\external\mycred-hook-affiliatewp.php on line 2

2020-03-11T08:13:34+00:00 CRITICAL Maximum execution time of 120 seconds exceeded in C:\xampp2\htdocs\gigant.com.ph\wp-content\plugins\mycred\includes\hooks\external\mycred-hook-wp-postratings.php on line 2

2020-03-11T08:13:34+00:00 CRITICAL Maximum execution time of 120 seconds exceeded in C:\xampp2\htdocs\gigant.com.ph\wp-content\plugins\mycred\includes\hooks\external\mycred-hook-wp-postratings.php on line 2

2020-03-11T08:13:34+00:00 CRITICAL Maximum execution time of 120 seconds exceeded in C:\xampp2\htdocs\gigant.com.ph\wp-content\plugins\mycred\includes\hooks\external\mycred-hook-wp-postratings.php on line 2

2020-03-11T08:13:43+00:00 CRITICAL Maximum execution time of 120 seconds exceeded in C:\xampp2\htdocs\gigant.com.ph\wp-content\plugins\elementor\core\common\modules\finder\template.php on line 5

2020-03-11T08:14:07+00:00 CRITICAL Maximum execution time of 120 seconds exceeded in C:\xampp2\htdocs\gigant.com.ph\wp-content\plugins\wc-multivendor-marketplace\core\class-wcfmmp-commission.php on line 1341

2020-03-11T08:14:07+00:00 CRITICAL Maximum execution time of 120 seconds exceeded in C:\xampp2\htdocs\gigant.com.ph\wp-content\themes\storefront-child\functions.php on line 1453

2020-03-11T08:14:42+00:00 CRITICAL Maximum execution time of 120 seconds exceeded in C:\xampp2\htdocs\gigant.com.ph\wp-content\plugins\ti-woocommerce-wishlist\admin\settings\general.class.php on line 11

2020-03-11T08:14:43+00:00 CRITICAL Maximum execution time of 120 seconds exceeded in C:\xampp2\htdocs\gigant.com.ph\wp-content\plugins\mycred\addons\buy-creds\gateways\Bitpay\PrivateKey.php on line 18

2020-03-11T08:15:13+00:00 CRITICAL Maximum execution time of 120 seconds exceeded in C:\xampp2\htdocs\gigant.com.ph\wp-content\plugins\elementor\core\files\manager.php on line 10

2020-03-11T08:15:13+00:00 CRITICAL Maximum execution time of 120 seconds exceeded in C:\xampp2\htdocs\gigant.com.ph\wp-content\plugins\elementor\includes\autoloader.php on line 267

2020-03-11T08:15:23+00:00 CRITICAL Maximum execution time of 120 seconds exceeded in C:\xampp2\htdocs\gigant.com.ph\wp-content\plugins\elementor\core\common\modules\connect\module.php on line 9

2020-03-11T08:15:42+00:00 CRITICAL Maximum execution time of 120 seconds exceeded in C:\xampp2\htdocs\gigant.com.ph\wp-content\plugins\advanced-custom-fields-pro-master\includes\acf-utility-functions.php on line 155

2020-03-11T08:15:52+00:00 CRITICAL Maximum execution time of 120 seconds exceeded in C:\xampp2\htdocs\gigant.com.ph\wp-content\plugins\acf-extended\includes\fields\field-dynamic-message.php on line 3

2020-03-11T08:16:04+00:00 CRITICAL Maximum execution time of 120 seconds exceeded in C:\xampp2\htdocs\gigant.com.ph\wp-content\plugins\acf-extended\includes\modules\dynamic-block-type.php on line 3

2020-03-11T08:16:09+00:00 CRITICAL Maximum execution time of 120 seconds exceeded in C:\xampp2\htdocs\gigant.com.ph\wp-content\plugins\acf-extended\includes\modules\form\field-group.php on line 3

2020-03-11T08:17:15+00:00 CRITICAL Maximum execution time of 120 seconds exceeded in C:\xampp2\htdocs\gigant.com.ph\wp-content\plugins\elementor-pro\plugin.php on line 141

2020-03-11T08:17:23+00:00 CRITICAL Maximum execution time of 120 seconds exceeded in C:\xampp2\htdocs\gigant.com.ph\wp-content\plugins\woocommerce-admin\src\Install.php on line 10

2020-03-11T08:17:38+00:00 CRITICAL Maximum execution time of 120 seconds exceeded in C:\xampp2\htdocs\gigant.com.ph\wp-content\plugins\woocommerce-appointments\includes\integrations\woocommerce-product-addons\class-wc-appointments-integration-addons.php on line 473

2020-03-11T08:18:01+00:00 CRITICAL Maximum execution time of 120 seconds exceeded in C:\xampp2\htdocs\gigant.com.ph\wp-content\plugins\mycred\includes\hooks\mycred-hook-watching-video.php on line 2

2020-03-11T08:18:12+00:00 CRITICAL Maximum execution time of 120 seconds exceeded in C:\xampp2\htdocs\gigant.com.ph\wp-content\plugins\elementor\core\upgrade\manager.php on line 6

2020-03-11T08:18:38+00:00 CRITICAL Maximum execution time of 120 seconds exceeded in C:\xampp2\htdocs\gigant.com.ph\wp-content\plugins\wc-frontend-manager-ultimate\core\class-wcfmu-frontend.php on line 419

2020-03-11T08:18:43+00:00 CRITICAL Maximum execution time of 120 seconds exceeded in C:\xampp2\htdocs\gigant.com.ph\wp-content\plugins\woocommerce\includes\tracks\class-wc-tracks.php on line 108

2020-03-11T08:19:16+00:00 CRITICAL Maximum execution time of 120 seconds exceeded in C:\xampp2\htdocs\gigant.com.ph\wp-content\plugins\elementor\includes\elements\column.php on line 4

2020-03-11T08:19:23+00:00 CRITICAL Maximum execution time of 120 seconds exceeded in C:\xampp2\htdocs\gigant.com.ph\wp-content\plugins\review-builder\com\lib\Review.php on line 3

2020-03-11T08:20:04+00:00 CRITICAL Maximum execution time of 120 seconds exceeded in C:\xampp2\htdocs\gigant.com.ph\wp-content\themes\storefront-child\functions.php on line 1453

2020-03-11T08:20:05+00:00 CRITICAL Maximum execution time of 120 seconds exceeded in C:\xampp2\htdocs\gigant.com.ph\wp-content\themes\storefront-child\functions.php on line 1453

2020-03-11T08:20:12+00:00 CRITICAL Maximum execution time of 120 seconds exceeded in C:\xampp2\htdocs\gigant.com.ph\wp-includes\plugin.php on line 182

2020-03-11T08:29:35+00:00 CRITICAL syntax error, unexpected 'else' (T_ELSE) in C:\xampp2\htdocs\gigant.com.ph\wp-content\plugins\wcfm-custom-menus\views\wcfm-views-upgrade.php on line 434

2020-03-11T08:37:49+00:00 CRITICAL Maximum execution time of 120 seconds exceeded in C:\xampp2\htdocs\gigant.com.ph\wp-includes\functions.php on line 5782

2020-03-11T08:37:52+00:00 CRITICAL Maximum execution time of 120 seconds exceeded in C:\xampp2\htdocs\gigant.com.ph\wp-content\plugins\advanced-custom-fields-pro-master\includes\locations\class-acf-location-attachment.php on line 3

2020-03-11T08:37:52+00:00 CRITICAL Maximum execution time of 120 seconds exceeded in C:\xampp2\htdocs\gigant.com.ph\wp-content\themes\storefront-child\functions.php on line 1453

2020-03-11T08:38:08+00:00 CRITICAL Maximum execution time of 120 seconds exceeded in C:\xampp2\htdocs\gigant.com.ph\wp-content\themes\storefront-child\functions.php on line 1453

2020-03-11T08:38:20+00:00 CRITICAL Maximum execution time of 120 seconds exceeded in C:\xampp2\htdocs\gigant.com.ph\wp-content\themes\storefront-child\functions.php on line 1453

2020-03-11T08:38:23+00:00 CRITICAL Maximum execution time of 120 seconds exceeded in C:\xampp2\htdocs\gigant.com.ph\wp-content\plugins\acf-extended\includes\modules\dynamic-block-type.php on line 3

2020-03-11T08:38:23+00:00 CRITICAL Maximum execution time of 120 seconds exceeded in C:\xampp2\htdocs\gigant.com.ph\wp-content\themes\storefront-child\functions.php on line 1453

2020-03-11T08:39:48+00:00 CRITICAL Maximum execution time of 120 seconds exceeded in C:\xampp2\htdocs\gigant.com.ph\wp-content\plugins\woocommerce\includes\class-wc-autoloader.php on line 53

2020-03-11T08:39:49+00:00 CRITICAL Maximum execution time of 120 seconds exceeded in C:\xampp2\htdocs\gigant.com.ph\wp-content\plugins\megamenu\classes\widget.class.php on line 3

2020-03-11T08:39:58+00:00 CRITICAL Maximum execution time of 120 seconds exceeded in C:\xampp2\htdocs\gigant.com.ph\wp-content\plugins\wc-multivendor-marketplace\core\class-wcfmmp-vendor.php on line 3277

2020-03-11T08:40:09+00:00 CRITICAL Maximum execution time of 120 seconds exceeded in C:\xampp2\htdocs\gigant.com.ph\wp-includes\wp-db.php on line 2030

2020-03-11T08:40:09+00:00 CRITICAL Maximum execution time of 120 seconds exceeded in C:\xampp2\htdocs\gigant.com.ph\wp-content\themes\storefront-child\functions.php on line 1453

2020-03-11T08:40:09+00:00 CRITICAL Maximum execution time of 120 seconds exceeded in C:\xampp2\htdocs\gigant.com.ph\wp-content\themes\storefront-child\functions.php on line 1453

